<?xml version="1.0" encoding="UTF-8"?>
<testsuites name="Extent Test Suite" time="31.6" tests="1" failures="0" errors="0">
   <testsuite name="Extent Test Suite" tests="1" failures="0" errors="0" time="31.6" skipped="0" timestamp="2023-04-21 12:27:26" hostname="bhagyesh - bhagyeshs-mbp.bbrouter" id="Test Suites/Extent Test Suite">
      <properties>
         <property name="deviceName" value=""/>
         <property name="devicePlatform" value=""/>
         <property name="logFolder" value="/Users/bhagyesh/Downloads/integrate_extent_with_katalon-master/Reports/20230421_122655/Extent Test Suite/20230421_122714"/>
         <property name="logFiles" value="/Users/bhagyesh/Downloads/integrate_extent_with_katalon-master/Reports/20230421_122655/Extent Test Suite/20230421_122714/execution0.log"/>
         <property name="attachments" value="Screenshots/googleScreenshot.png"/>
         <property name="hostName" value="bhagyesh - bhagyeshs-mbp.bbrouter"/>
         <property name="hostAddress" value="192.168.1.35"/>
         <property name="os" value="Mac OS X 64bit"/>
         <property name="katalonVersion" value="8.2.5.208"/>
      </properties>
      <testcase name="Test Cases/New Test Case" time="31.102" classname="Test Cases/New Test Case" status="PASSED">
         <system-out><![CDATA[2023-04-21 12:27:27 - [TEST_CASE][PASSED] - Test Cases/New Test Case: Test Cases/New Test Case

2023-04-21 12:27:27 - [TEST_STEP][PASSED] - execID = getExecutionSourceName(): null

2023-04-21 12:27:27 - [TEST_STEP][PASSED] - extent = com.katalon.plugin.keyword.extentReport.Extent.setupExtentReport(execID): com.katalon.plugin.keyword.extentReport.Extent.setupExtentReport is PASSED

2023-04-21 12:27:33 - [MESSAGE][PASSED] - com.katalon.plugin.keyword.extentReport.Extent.setupExtentReport is PASSED

2023-04-21 12:27:33 - [TEST_STEP][PASSED] - tcID = "Test Case 1": null

2023-04-21 12:27:33 - [TEST_STEP][PASSED] - extentTest = com.katalon.plugin.keyword.extentReport.Extent.startExtentTest(tcID, "Extent Test", extent): com.katalon.plugin.keyword.extentReport.Extent.startExtentTest is PASSED

2023-04-21 12:27:33 - [MESSAGE][PASSED] - com.katalon.plugin.keyword.extentReport.Extent.startExtentTest is PASSED

2023-04-21 12:27:33 - [TEST_STEP][PASSED] - driver = startNewBrowser(getExecutedBrowser()): Action delay is set to 0 milliseconds

2023-04-21 12:27:33 - [MESSAGE][INFO] - Starting 'Chrome' driver

2023-04-21 12:27:33 - [MESSAGE][INFO] - Action delay is set to 0 milliseconds

2023-04-21 12:27:44 - [TEST_STEP][PASSED] - extentTest.log(INFO, "Browser Launched"): null

2023-04-21 12:27:44 - [TEST_STEP][PASSED] - baseUrl = "https://www.google.com": null

2023-04-21 12:27:44 - [TEST_STEP][PASSED] - driver.get(baseUrl + "/"): null

2023-04-21 12:27:52 - [TEST_STEP][PASSED] - maximizeWindow(): Current window maximized

2023-04-21 12:27:53 - [MESSAGE][PASSED] - Current window maximized

2023-04-21 12:27:53 - [TEST_STEP][PASSED] - takeScreenshot("Screenshots/" + "googleScreenshot.png"): Taking screenshot successfully

2023-04-21 12:27:57 - [MESSAGE][PASSED] - Taking screenshot successfully
[[ATTACHMENT|Screenshots/googleScreenshot.png]]

2023-04-21 12:27:57 - [TEST_STEP][PASSED] - extentTest.log(INFO, "Snapshot below: " + extentTest.addScreenCapture("/Users/bhagyesh/Downloads/integrate_extent_with_katalon-master/Screenshots/googleScreenshot.png")): null

2023-04-21 12:27:57 - [TEST_STEP][PASSED] - extentTest.log(INFO, "Navigated to www.google.com"): null

2023-04-21 12:27:57 - [TEST_STEP][PASSED] - title = driver.getTitle(): null

2023-04-21 12:27:57 - [TEST_STEP][PASSED] - println(title): null

2023-04-21 12:27:57 - [TEST_STEP][PASSED] - extentTest.log(INFO, "Get the WebSite title"): null

2023-04-21 12:27:57 - [TEST_STEP][PASSED] - if (title.equalsIgnoreCase("Google")): null

2023-04-21 12:27:57 - [TEST_STEP][PASSED] - extentTest.log(PASS, "Title verified"): null

2023-04-21 12:27:57 - [TEST_STEP][PASSED] - driver.quit(): null

2023-04-21 12:27:58 - [TEST_STEP][PASSED] - extentTest.log(INFO, "Browser closed"): null

2023-04-21 12:27:58 - [TEST_STEP][PASSED] - com.katalon.plugin.keyword.extentReport.Extent.tearDownTest(driver, extent, extentTest): com.katalon.plugin.keyword.extentReport.Extent.tearDownTest is PASSED

2023-04-21 12:27:58 - [MESSAGE][PASSED] - com.katalon.plugin.keyword.extentReport.Extent.tearDownTest is PASSED

2023-04-21 12:27:58 - [TEST_STEP][PASSED] - Start listener action : sampleAfterTestCase: null]]></system-out>
         <system-err><![CDATA[]]></system-err>
      </testcase>
      <system-out><![CDATA[2023-04-21 12:27:26 - [TEST_SUITE][PASSED] - Extent Test Suite: Test Cases/New Test Case]]></system-out>
      <system-err><![CDATA[]]></system-err>
   </testsuite>
</testsuites>
